Determining if the pthread_create exist failed with the following output:
Change Dir: /home/ydd/ysodom/catkin_ws/build_isolated/ysrobotodom/CMakeFiles/CMakeTmp

Run Build Command:"/usr/bin/ninja" "cmTC_a4b5c"
[1/2] Building C object CMakeFiles/cmTC_a4b5c.dir/CheckSymbolExists.c.o
[2/2] Linking C executable cmTC_a4b5c
FAILED: : && /usr/bin/cc     CMakeFiles/cmTC_a4b5c.dir/CheckSymbolExists.c.o  -o cmTC_a4b5c  -rdynamic && :
CMakeFiles/cmTC_a4b5c.dir/CheckSymbolExists.c.o: In function `main':
CheckSymbolExists.c:(.text+0x16): undefined reference to `pthread_create'
collect2: error: ld returned 1 exit status
ninja: build stopped: subcommand failed.

File /home/ydd/ysodom/catkin_ws/build_isolated/ysrobotodom/CMakeFiles/CMakeTmp/CheckSymbolExists.c:
/* */
#include <pthread.h>

int main(int argc, char** argv)
{
  (void)argv;
#ifndef pthread_create
  return ((int*)(&pthread_create))[argc];
#else
  (void)argc;
  return 0;
#endif
}

Determining if the function pthread_create exists in the pthreads failed with the following output:
Change Dir: /home/ydd/ysodom/catkin_ws/build_isolated/ysrobotodom/CMakeFiles/CMakeTmp

Run Build Command:"/usr/bin/ninja" "cmTC_f0b6b"
[1/2] Building C object CMakeFiles/cmTC_f0b6b.dir/CheckFunctionExists.c.o
[2/2] Linking C executable cmTC_f0b6b
FAILED: : && /usr/bin/cc  -DCHECK_FUNCTION_EXISTS=pthread_create   CMakeFiles/cmTC_f0b6b.dir/CheckFunctionExists.c.o  -o cmTC_f0b6b  -rdynamic -lpthreads && :
/usr/bin/ld: cannot find -lpthreads
collect2: error: ld returned 1 exit status
ninja: build stopped: subcommand failed.


